生成启动时间为 2016/4/19 0:12:27。
     1>项目“F:\WinMine\WinMine\WinMine.vcxproj”在节点 2 上(Build 个目标)。
     1>ClCompile:
         C:\Program Files (x86)\Microsoft Visual Studio 12.0\VC\bin\CL.exe /c /ZI /nologo /W3 /WX- /sdl /Od /Oy- /D WIN32 /D _WINDOWS /D _DEBUG /D _UNICODE /D UNICODE /Gm /EHsc /RTC1 /MTd /GS /fp:precise /Zc:wchar_t /Zc:forScope /Yu"stdafx.h" /Fp"Debug\WinMine.pch" /Fo"Debug\\" /Fd"Debug\vc120.pdb" /Gd /TP /analyze- /errorReport:prompt Rules.cpp
         Rules.cpp
       Link:
         C:\Program Files (x86)\Microsoft Visual Studio 12.0\VC\bin\link.exe /ERRORREPORT:PROMPT /OUT:"F:\WinMine\Debug\WinMine.exe" /INCREMENTAL /NOLOGO /MANIFEST /MANIFESTUAC:"level='asInvoker' uiAccess='false'" /manifest:embed /manifestinput:"C:\Program Files (x86)\Microsoft Visual Studio 12.0\VC\Include\Manifest\dpiaware.manifest" /DEBUG /PDB:"F:\WinMine\Debug\WinMine.pdb" /SUBSYSTEM:WINDOWS /TLBID:1 /ENTRY:"wWinMainCRTStartup" /DYNAMICBASE /NXCOMPAT /IMPLIB:"F:\WinMine\Debug\WinMine.lib" /MACHINE:X86 Debug\WinMine.res
         Debug\Block.obj
         Debug\Board.obj
         Debug\Draw.obj
         Debug\Face.obj
         Debug\Layout.obj
         Debug\Level.obj
         Debug\MainFrm.obj
         Debug\MineField.obj
         Debug\Rules.obj
         Debug\stdafx.obj
         Debug\Texture.obj
         Debug\WinMine.obj
         Debug\WinMineDoc.obj
         Debug\WinMineView.obj
         WinMine.vcxproj -> F:\WinMine\Debug\WinMine.exe
     1>已完成生成项目“F:\WinMine\WinMine\WinMine.vcxproj”(Build 个目标)的操作。

生成成功。

已用时间 00:00:00.90
